AINexus/Library/Bee/Android/Prj/Mono2x/Gradle/launcher/build/intermediates/manifest_merge_blame_file/release/manifest-merger-blame-release-report.txt
1<?xml version="1.0" encoding="utf-8"?>
2<manifest xmlns:android="http://schemas.android.com/apk/res/android"
3    package="com.BEN.AINexus"
4    android:installLocation="preferExternal"
5    android:versionCode="1"
6    android:versionName="0.1" >
7
8    <uses-sdk
9        android:minSdkVersion="22"
9-->src\main\AndroidManifest.xml
10        android:targetSdkVersion="35" />
10-->src\main\AndroidManifest.xml
11
12    <supports-screens
12-->src\main\AndroidManifest.xml:4:3-163
13        android:anyDensity="true"
13-->src\main\AndroidManifest.xml:4:135-160
14        android:largeScreens="true"
14-->src\main\AndroidManifest.xml:4:78-105
15        android:normalScreens="true"
15-->src\main\AndroidManifest.xml:4:49-77
16        android:smallScreens="true"
16-->src\main\AndroidManifest.xml:4:21-48
17        android:xlargeScreens="true" />
17-->src\main\AndroidManifest.xml:4:106-134
18
19    <uses-feature android:glEsVersion="0x00030000" />
19-->[:unityLibrary] AndroidManifest.xml:8:5-54
19-->[:unityLibrary] AndroidManifest.xml:8:19-51
20    <uses-feature
20-->[:unityLibrary] AndroidManifest.xml:9:5-11:36
21        android:name="android.hardware.vulkan.version"
21-->[:unityLibrary] AndroidManifest.xml:10:9-55
22        android:required="false" />
22-->[:unityLibrary] AndroidManifest.xml:11:9-33
23    <uses-feature
23-->[:unityLibrary] AndroidManifest.xml:12:5-14:36
24        android:name="android.hardware.touchscreen"
24-->[:unityLibrary] AndroidManifest.xml:13:9-52
25        android:required="false" />
25-->[:unityLibrary] AndroidManifest.xml:14:9-33
26    <uses-feature
26-->[:unityLibrary] AndroidManifest.xml:15:5-17:36
27        android:name="android.hardware.touchscreen.multitouch"
27-->[:unityLibrary] AndroidManifest.xml:16:9-63
28        android:required="false" />
28-->[:unityLibrary] AndroidManifest.xml:17:9-33
29    <uses-feature
29-->[:unityLibrary] AndroidManifest.xml:18:5-20:36
30        android:name="android.hardware.touchscreen.multitouch.distinct"
30-->[:unityLibrary] AndroidManifest.xml:19:9-72
31        android:required="false" />
31-->[:unityLibrary] AndroidManifest.xml:20:9-33
32
33    <application
33-->src\main\AndroidManifest.xml:3:3-83
34        android:appComponentFactory="androidx.core.app.CoreComponentFactory"
34-->[androidx.core:core:1.6.0] AndroidManifest.xml:24:18-86
35        android:extractNativeLibs="true"
35-->[:unityLibrary] AndroidManifest.xml:22:18-50
36        android:icon="@mipmap/app_icon"
36-->src\main\AndroidManifest.xml:3:49-80
37        android:label="@string/app_name" >
37-->src\main\AndroidManifest.xml:3:16-48
38        <meta-data
38-->[:unityLibrary] AndroidManifest.xml:23:9-25:33
39            android:name="unity.splash-mode"
39-->[:unityLibrary] AndroidManifest.xml:24:13-45
40            android:value="0" />
40-->[:unityLibrary] AndroidManifest.xml:25:13-30
41        <meta-data
41-->[:unityLibrary] AndroidManifest.xml:26:9-28:36
42            android:name="unity.splash-enable"
42-->[:unityLibrary] AndroidManifest.xml:27:13-47
43            android:value="True" />
43-->[:unityLibrary] AndroidManifest.xml:28:13-33
44        <meta-data
44-->[:unityLibrary] AndroidManifest.xml:29:9-31:36
45            android:name="unity.launch-fullscreen"
45-->[:unityLibrary] AndroidManifest.xml:30:13-51
46            android:value="True" />
46-->[:unityLibrary] AndroidManifest.xml:31:13-33
47        <meta-data
47-->[:unityLibrary] AndroidManifest.xml:32:9-34:36
48            android:name="unity.render-outside-safearea"
48-->[:unityLibrary] AndroidManifest.xml:33:13-57
49            android:value="True" />
49-->[:unityLibrary] AndroidManifest.xml:34:13-33
50        <meta-data
50-->[:unityLibrary] AndroidManifest.xml:35:9-37:50
51            android:name="notch.config"
51-->[:unityLibrary] AndroidManifest.xml:36:13-40
52            android:value="portrait|landscape" />
52-->[:unityLibrary] AndroidManifest.xml:37:13-47
53        <meta-data
53-->[:unityLibrary] AndroidManifest.xml:38:9-40:36
54            android:name="unity.auto-report-fully-drawn"
54-->[:unityLibrary] AndroidManifest.xml:39:13-57
55            android:value="true" />
55-->[:unityLibrary] AndroidManifest.xml:40:13-33
56
57        <activity
57-->[:unityLibrary] AndroidManifest.xml:42:9-64:20
58            android:name="com.unity3d.player.UnityPlayerActivity"
58-->[:unityLibrary] AndroidManifest.xml:43:13-66
59            android:configChanges="mcc|mnc|locale|touchscreen|keyboard|keyboardHidden|navigation|orientation|screenLayout|uiMode|screenSize|smallestScreenSize|fontScale|layoutDirection|density"
59-->[:unityLibrary] AndroidManifest.xml:44:13-194
60            android:exported="true"
60-->[:unityLibrary] AndroidManifest.xml:45:13-36
61            android:hardwareAccelerated="true"
61-->[:unityLibrary] AndroidManifest.xml:46:13-47
62            android:launchMode="singleTask"
62-->[:unityLibrary] AndroidManifest.xml:47:13-44
63            android:resizeableActivity="false"
63-->[:unityLibrary] AndroidManifest.xml:48:13-47
64            android:screenOrientation="portrait"
64-->[:unityLibrary] AndroidManifest.xml:49:13-49
65            android:theme="@style/UnityThemeSelector"
65-->[:unityLibrary] AndroidManifest.xml:50:13-54
66            android:windowSoftInputMode="adjustPan" >
66-->[:unityLibrary] AndroidManifest.xml:51:13-52
67            <intent-filter>
67-->[:unityLibrary] AndroidManifest.xml:52:13-56:29
68                <category android:name="android.intent.category.LAUNCHER" />
68-->[:unityLibrary] AndroidManifest.xml:53:17-77
68-->[:unityLibrary] AndroidManifest.xml:53:27-74
69
70                <action android:name="android.intent.action.MAIN" />
70-->[:unityLibrary] AndroidManifest.xml:55:17-69
70-->[:unityLibrary] AndroidManifest.xml:55:25-66
71            </intent-filter>
72
73            <meta-data
73-->[:unityLibrary] AndroidManifest.xml:58:13-60:40
74                android:name="unityplayer.UnityActivity"
74-->[:unityLibrary] AndroidManifest.xml:59:17-57
75                android:value="true" />
75-->[:unityLibrary] AndroidManifest.xml:60:17-37
76            <meta-data
76-->[:unityLibrary] AndroidManifest.xml:61:13-63:40
77                android:name="notch_support"
77-->[:unityLibrary] AndroidManifest.xml:62:17-45
78                android:value="true" />
78-->[:unityLibrary] AndroidManifest.xml:63:17-37
79        </activity>
80
81        <provider
81-->[:unityLibrary] AndroidManifest.xml:66:9-74:20
82            android:name="androidx.core.content.FileProvider"
82-->[:unityLibrary] AndroidManifest.xml:67:13-62
83            android:authorities="com.BEN.AINexus.unitywebview.fileprovider"
83-->[:unityLibrary] AndroidManifest.xml:68:13-76
84            android:exported="false"
84-->[:unityLibrary] AndroidManifest.xml:69:13-37
85            android:grantUriPermissions="true" >
85-->[:unityLibrary] AndroidManifest.xml:70:13-47
86            <meta-data
86-->[:unityLibrary] AndroidManifest.xml:71:13-73:76
87                android:name="android.support.FILE_PROVIDER_PATHS"
87-->[:unityLibrary] AndroidManifest.xml:72:17-67
88                android:resource="@xml/unitywebview_file_provider_paths" />
88-->[:unityLibrary] AndroidManifest.xml:73:17-73
89        </provider>
90    </application>
91
92</manifest>